# JRE version: Java(TM) SE Runtime Environment (9.0+11) (build 9.0.4+11)
# Java VM: Java HotSpot(TM) 64-Bit Server VM (9.0.4+11, mixed mode, tiered, compressed oops, g1 gc, windows-amd64)
Heap:
 garbage-first heap   total 206848K, used 135196K [0x0000000700000000, 0x0000000700100650, 0x00000007c0000000)
  region size 1024K, 51 young (52224K), 1 survivors (1024K)
 Metaspace       used 86330K, capacity 92910K, committed 93104K, reserved 1130496K
  class space    used 11765K, capacity 12899K, committed 12976K, reserved 1048576K
GC Heap History (10 events):
Event: 970.980 GC heap before
{Heap before GC invocations=288 (full 92):
 garbage-first heap   total 206848K, used 143535K [0x0000000700000000, 0x0000000700100650, 0x00000007c0000000)
  region size 1024K, 60 young (61440K), 1 survivors (1024K)
 Metaspace       used 86268K, capacity 92894K, committed 93104K, reserved 1130496K
  class space    used 11762K, capacity 12897K, committed 12976K, reserved 1048576K
}
Event: 970.982 GC heap after
{Heap after GC invocations=289 (full 92):
 garbage-first heap   total 206848K, used 82902K [0x0000000700000000, 0x0000000700100650, 0x00000007c0000000)
  region size 1024K, 1 young (1024K), 1 survivors (1024K)
 Metaspace       used 86268K, capacity 92894K, committed 93104K, reserved 1130496K
  class space    used 11762K, capacity 12897K, committed 12976K, reserved 1048576K
}
Event: 973.358 GC heap before
{Heap before GC invocations=289 (full 92):
 garbage-first heap   total 206848K, used 143318K [0x0000000700000000, 0x0000000700100650, 0x00000007c0000000)
  region size 1024K, 60 young (61440K), 1 survivors (1024K)
 Metaspace       used 86275K, capacity 92894K, committed 93104K, reserved 1130496K
  class space    used 11762K, capacity 12897K, committed 12976K, reserved 1048576K
}
Event: 973.360 GC heap after
{Heap after GC invocations=290 (full 92):
 garbage-first heap   total 206848K, used 82952K [0x0000000700000000, 0x0000000700100650, 0x00000007c0000000)
  region size 1024K, 1 young (1024K), 1 survivors (1024K)
 Metaspace       used 86275K, capacity 92894K, committed 93104K, reserved 1130496K
  class space    used 11762K, capacity 12897K, committed 12976K, reserved 1048576K
}
Event: 974.145 GC heap before
{Heap before GC invocations=290 (full 92):
 garbage-first heap   total 206848K, used 143368K [0x0000000700000000, 0x0000000700100650, 0x00000007c0000000)
  region size 1024K, 60 young (61440K), 1 survivors (1024K)
 Metaspace       used 86276K, capacity 92894K, committed 93104K, reserved 1130496K
  class space    used 11762K, capacity 12897K, committed 12976K, reserved 1048576K
}
Event: 974.147 GC heap after
{Heap after GC invocations=291 (full 92):
 garbage-first heap   total 206848K, used 83039K [0x0000000700000000, 0x0000000700100650, 0x00000007c0000000)
  region size 1024K, 1 young (1024K), 1 survivors (1024K)
 Metaspace       used 86276K, capacity 92894K, committed 93104K, reserved 1130496K
  class space    used 11762K, capacity 12897K, committed 12976K, reserved 1048576K
}
Event: 974.299 GC heap before
{Heap before GC invocations=291 (full 92):
 garbage-first heap   total 206848K, used 143455K [0x0000000700000000, 0x0000000700100650, 0x00000007c0000000)
  region size 1024K, 60 young (61440K), 1 survivors (1024K)
 Metaspace       used 86279K, capacity 92894K, committed 93104K, reserved 1130496K
  class space    used 11762K, capacity 12897K, committed 12976K, reserved 1048576K
}
Event: 974.301 GC heap after
{Heap after GC invocations=292 (full 92):
 garbage-first heap   total 206848K, used 82984K [0x0000000700000000, 0x0000000700100650, 0x00000007c0000000)
  region size 1024K, 1 young (1024K), 1 survivors (1024K)
 Metaspace       used 86279K, capacity 92894K, committed 93104K, reserved 1130496K
  class space    used 11762K, capacity 12897K, committed 12976K, reserved 1048576K
}
Event: 992.956 GC heap before
{Heap before GC invocations=292 (full 92):
 garbage-first heap   total 206848K, used 145448K [0x0000000700000000, 0x0000000700100650, 0x00000007c0000000)
  region size 1024K, 60 young (61440K), 1 survivors (1024K)
 Metaspace       used 86295K, capacity 92894K, committed 93104K, reserved 1130496K
  class space    used 11762K, capacity 12897K, committed 12976K, reserved 1048576K
}
Event: 992.958 GC heap after
{Heap after GC invocations=293 (full 92):
 garbage-first heap   total 206848K, used 85020K [0x0000000700000000, 0x0000000700100650, 0x00000007c0000000)
  region size 1024K, 1 young (1024K), 1 survivors (1024K)
 Metaspace       used 86295K, capacity 92894K, committed 93104K, reserved 1130496K
  class space    used 11762K, capacity 12897K, committed 12976K, reserved 1048576K
}

